<?xml version="1.0" encoding="UTF-8"?>
<testng-results ignored="0" total="3" passed="2" failed="0" skipped="1">
  <reporter-output>
  </reporter-output>
  <suite started-at="2022-04-09T19:33:07 IST" name="Suite" finished-at="2022-04-09T19:36:16 IST" duration-ms="189341">
    <groups>
    </groups>
    <test started-at="2022-04-09T19:33:07 IST" name="ChromeLogin" finished-at="2022-04-09T19:34:40 IST" duration-ms="93113">
      <class name="com.bbd.Assignment5.Multibrowser">
        <test-method is-config="true" signature="initializer(java.lang.String)[pri:0, instance:com.bbd.Assignment5.Multibrowser@51e69659]" started-at="2022-04-09T19:33:07 IST" name="initializer" finished-at="2022-04-09T19:33:29 IST" duration-ms="22656" status="PASS">
          <params>
            <param index="0">
              <value>
                <![CDATA[chrome]]>
              </value>
            </param>
          </params>
          <reporter-output>
          </reporter-output>
        </test-method> <!-- initializer -->
        <test-method signature="CrossBrowser()[pri:0, instance:com.bbd.Assignment5.Multibrowser@51e69659]" started-at="2022-04-09T19:33:30 IST" name="CrossBrowser" finished-at="2022-04-09T19:34:38 IST" duration-ms="68269" status="PASS">
          <reporter-output>
          </reporter-output>
        </test-method> <!-- CrossBrowser -->
        <test-method is-config="true" signature="closeBrowser()[pri:0, instance:com.bbd.Assignment5.Multibrowser@51e69659]" started-at="2022-04-09T19:34:38 IST" name="closeBrowser" finished-at="2022-04-09T19:34:40 IST" duration-ms="2089" status="PASS">
          <reporter-output>
          </reporter-output>
        </test-method> <!-- closeBrowser -->
      </class> <!-- com.bbd.Assignment5.Multibrowser -->
    </test> <!-- ChromeLogin -->
    <test started-at="2022-04-09T19:34:40 IST" name="FirefoxLogin" finished-at="2022-04-09T19:34:44 IST" duration-ms="3964">
      <class name="com.bbd.Assignment5.Multibrowser">
        <test-method is-config="true" signature="initializer(java.lang.String)[pri:0, instance:com.bbd.Assignment5.Multibrowser@38cee291]" started-at="2022-04-09T19:34:40 IST" name="initializer" finished-at="2022-04-09T19:34:44 IST" duration-ms="3880" status="FAIL">
          <params>
            <param index="0">
              <value>
                <![CDATA[firefox]]>
              </value>
            </param>
          </params>
          <exception class="org.openqa.selenium.SessionNotCreatedException">
            <message>
              <![CDATA[Could not start a new session. Possible causes are invalid address of the remote server or browser start-up failure.]]>
            </message>
            <full-stacktrace>
              <![CDATA[org.openqa.selenium.SessionNotCreatedException: Could not start a new session. Possible causes are invalid address of the remote server or browser start-up failure.
at org.openqa.selenium.remote.RemoteWebDriver.execute(RemoteWebDriver.java:585)
at org.openqa.selenium.remote.RemoteWebDriver.startSession(RemoteWebDriver.java:248)
at org.openqa.selenium.remote.RemoteWebDriver.<init>(RemoteWebDriver.java:164)
at org.openqa.selenium.firefox.FirefoxDriver.<init>(FirefoxDriver.java:118)
at org.openqa.selenium.firefox.FirefoxDriver.<init>(FirefoxDriver.java:106)
at org.openqa.selenium.firefox.FirefoxDriver.<init>(FirefoxDriver.java:86)
at com.bbd.Assignment5.Multibrowser.initializer(Multibrowser.java:32)
at java.base/jdk.internal.reflect.NativeMethodAccessorImpl.invoke0(Native Method)
at java.base/jdk.internal.reflect.NativeMethodAccessorImpl.invoke(NativeMethodAccessorImpl.java:62)
at java.base/jdk.internal.reflect.DelegatingMethodAccessorImpl.invoke(DelegatingMethodAccessorImpl.java:43)
at java.base/java.lang.reflect.Method.invoke(Method.java:566)
at org.testng.internal.invokers.MethodInvocationHelper.invokeMethod(MethodInvocationHelper.java:135)
at org.testng.internal.invokers.MethodInvocationHelper.invokeMethodConsideringTimeout(MethodInvocationHelper.java:65)
at org.testng.internal.invokers.ConfigInvoker.invokeConfigurationMethod(ConfigInvoker.java:381)
at org.testng.internal.invokers.ConfigInvoker.invokeConfigurations(ConfigInvoker.java:319)
at org.testng.TestRunner.invokeTestConfigurations(TestRunner.java:645)
at org.testng.TestRunner.beforeRun(TestRunner.java:634)
at org.testng.TestRunner.run(TestRunner.java:596)
at org.testng.SuiteRunner.runTest(SuiteRunner.java:429)
at org.testng.SuiteRunner.runSequentially(SuiteRunner.java:423)
at org.testng.SuiteRunner.privateRun(SuiteRunner.java:383)
at org.testng.SuiteRunner.run(SuiteRunner.java:326)
at org.testng.SuiteRunnerWorker.runSuite(SuiteRunnerWorker.java:52)
at org.testng.SuiteRunnerWorker.run(SuiteRunnerWorker.java:95)
at org.testng.TestNG.runSuitesSequentially(TestNG.java:1249)
at org.testng.TestNG.runSuitesLocally(TestNG.java:1169)
at org.testng.TestNG.runSuites(TestNG.java:1092)
at org.testng.TestNG.run(TestNG.java:1060)
at org.testng.remote.AbstractRemoteTestNG.run(AbstractRemoteTestNG.java:115)
at org.testng.remote.RemoteTestNG.initAndRun(RemoteTestNG.java:251)
at org.testng.remote.RemoteTestNG.main(RemoteTestNG.java:77)
Caused by: org.openqa.selenium.WebDriverException: Driver server process died prematurely.
Build info: version: '4.1.3', revision: '7b1ebf28ef'
System info: host: 'DESKTOP-PFJ0PSP', ip: '192.168.0.3', os.name: 'Windows 10', os.arch: 'amd64', os.version: '10.0', java.version: '11.0.14'
Driver info: driver.version: FirefoxDriver
at org.openqa.selenium.remote.service.DriverService.start(DriverService.java:226)
at org.openqa.selenium.remote.service.DriverCommandExecutor.execute(DriverCommandExecutor.java:98)
at org.openqa.selenium.remote.RemoteWebDriver.execute(RemoteWebDriver.java:567)
... 30 more
]]>
            </full-stacktrace>
          </exception> <!-- org.openqa.selenium.SessionNotCreatedException -->
          <reporter-output>
          </reporter-output>
        </test-method> <!-- initializer -->
        <test-method signature="CrossBrowser()[pri:0, instance:com.bbd.Assignment5.Multibrowser@38cee291]" started-at="2022-04-09T19:34:44 IST" name="CrossBrowser" finished-at="2022-04-09T19:34:44 IST" duration-ms="0" status="SKIP">
          <exception class="org.openqa.selenium.SessionNotCreatedException">
            <message>
              <![CDATA[Could not start a new session. Possible causes are invalid address of the remote server or browser start-up failure.]]>
            </message>
            <full-stacktrace>
              <![CDATA[org.openqa.selenium.SessionNotCreatedException: Could not start a new session. Possible causes are invalid address of the remote server or browser start-up failure.
at org.openqa.selenium.remote.RemoteWebDriver.execute(RemoteWebDriver.java:585)
at org.openqa.selenium.remote.RemoteWebDriver.startSession(RemoteWebDriver.java:248)
at org.openqa.selenium.remote.RemoteWebDriver.<init>(RemoteWebDriver.java:164)
at org.openqa.selenium.firefox.FirefoxDriver.<init>(FirefoxDriver.java:118)
at org.openqa.selenium.firefox.FirefoxDriver.<init>(FirefoxDriver.java:106)
at org.openqa.selenium.firefox.FirefoxDriver.<init>(FirefoxDriver.java:86)
at com.bbd.Assignment5.Multibrowser.initializer(Multibrowser.java:32)
at java.base/jdk.internal.reflect.NativeMethodAccessorImpl.invoke0(Native Method)
at java.base/jdk.internal.reflect.NativeMethodAccessorImpl.invoke(NativeMethodAccessorImpl.java:62)
at java.base/jdk.internal.reflect.DelegatingMethodAccessorImpl.invoke(DelegatingMethodAccessorImpl.java:43)
at java.base/java.lang.reflect.Method.invoke(Method.java:566)
at org.testng.internal.invokers.MethodInvocationHelper.invokeMethod(MethodInvocationHelper.java:135)
at org.testng.internal.invokers.MethodInvocationHelper.invokeMethodConsideringTimeout(MethodInvocationHelper.java:65)
at org.testng.internal.invokers.ConfigInvoker.invokeConfigurationMethod(ConfigInvoker.java:381)
at org.testng.internal.invokers.ConfigInvoker.invokeConfigurations(ConfigInvoker.java:319)
at org.testng.TestRunner.invokeTestConfigurations(TestRunner.java:645)
at org.testng.TestRunner.beforeRun(TestRunner.java:634)
at org.testng.TestRunner.run(TestRunner.java:596)
at org.testng.SuiteRunner.runTest(SuiteRunner.java:429)
at org.testng.SuiteRunner.runSequentially(SuiteRunner.java:423)
at org.testng.SuiteRunner.privateRun(SuiteRunner.java:383)
at org.testng.SuiteRunner.run(SuiteRunner.java:326)
at org.testng.SuiteRunnerWorker.runSuite(SuiteRunnerWorker.java:52)
at org.testng.SuiteRunnerWorker.run(SuiteRunnerWorker.java:95)
at org.testng.TestNG.runSuitesSequentially(TestNG.java:1249)
at org.testng.TestNG.runSuitesLocally(TestNG.java:1169)
at org.testng.TestNG.runSuites(TestNG.java:1092)
at org.testng.TestNG.run(TestNG.java:1060)
at org.testng.remote.AbstractRemoteTestNG.run(AbstractRemoteTestNG.java:115)
at org.testng.remote.RemoteTestNG.initAndRun(RemoteTestNG.java:251)
at org.testng.remote.RemoteTestNG.main(RemoteTestNG.java:77)
Caused by: org.openqa.selenium.WebDriverException: Driver server process died prematurely.
Build info: version: '4.1.3', revision: '7b1ebf28ef'
System info: host: 'DESKTOP-PFJ0PSP', ip: '192.168.0.3', os.name: 'Windows 10', os.arch: 'amd64', os.version: '10.0', java.version: '11.0.14'
Driver info: driver.version: FirefoxDriver
at org.openqa.selenium.remote.service.DriverService.start(DriverService.java:226)
at org.openqa.selenium.remote.service.DriverCommandExecutor.execute(DriverCommandExecutor.java:98)
at org.openqa.selenium.remote.RemoteWebDriver.execute(RemoteWebDriver.java:567)
... 30 more
]]>
            </full-stacktrace>
          </exception> <!-- org.openqa.selenium.SessionNotCreatedException -->
          <reporter-output>
          </reporter-output>
        </test-method> <!-- CrossBrowser -->
        <test-method is-config="true" signature="closeBrowser()[pri:0, instance:com.bbd.Assignment5.Multibrowser@38cee291]" started-at="2022-04-09T19:34:44 IST" name="closeBrowser" finished-at="2022-04-09T19:34:44 IST" duration-ms="0" status="SKIP">
          <reporter-output>
          </reporter-output>
        </test-method> <!-- closeBrowser -->
      </class> <!-- com.bbd.Assignment5.Multibrowser -->
    </test> <!-- FirefoxLogin -->
    <test started-at="2022-04-09T19:34:44 IST" name="EdgeLogin" finished-at="2022-04-09T19:36:16 IST" duration-ms="91949">
      <class name="com.bbd.Assignment5.Multibrowser">
        <test-method is-config="true" signature="initializer(java.lang.String)[pri:0, instance:com.bbd.Assignment5.Multibrowser@2794eab6]" started-at="2022-04-09T19:34:44 IST" name="initializer" finished-at="2022-04-09T19:35:13 IST" duration-ms="28605" status="PASS">
          <params>
            <param index="0">
              <value>
                <![CDATA[edge]]>
              </value>
            </param>
          </params>
          <reporter-output>
          </reporter-output>
        </test-method> <!-- initializer -->
        <test-method signature="CrossBrowser()[pri:0, instance:com.bbd.Assignment5.Multibrowser@2794eab6]" started-at="2022-04-09T19:35:13 IST" name="CrossBrowser" finished-at="2022-04-09T19:36:14 IST" duration-ms="61201" status="PASS">
          <reporter-output>
          </reporter-output>
        </test-method> <!-- CrossBrowser -->
        <test-method is-config="true" signature="closeBrowser()[pri:0, instance:com.bbd.Assignment5.Multibrowser@2794eab6]" started-at="2022-04-09T19:36:14 IST" name="closeBrowser" finished-at="2022-04-09T19:36:16 IST" duration-ms="2136" status="PASS">
          <reporter-output>
          </reporter-output>
        </test-method> <!-- closeBrowser -->
      </class> <!-- com.bbd.Assignment5.Multibrowser -->
    </test> <!-- EdgeLogin -->
  </suite> <!-- Suite -->
</testng-results>
